2025-01-20 20:31:07.490 | background-preinit   | INFO  | org.hibernate.validator.internal.util.Version                           -       HV000001: Hibernate Validator 8.0.2.Final
2025-01-20 20:31:07.609 | Test worker          | INFO  | o.example.projects_and_vacancies.ProjectsAndVacanciesApplicationTests   -       Starting ProjectsAndVacanciesApplicationTests using Java 17.0.9 with PID 29012 (started by Julia Vladimirov in C:\Java\Projects\ProjectsAndVacancies)
2025-01-20 20:31:07.613 | Test worker          | INFO  | o.example.projects_and_vacancies.ProjectsAndVacanciesApplicationTests   -       No active profile set, falling back to 1 default profile: "default"
2025-01-20 20:31:11.316 | Test worker          | INFO  | o.s.data.repository.config.RepositoryConfigurationDelegate              -       Bootstrapping Spring Data JPA repositories in DEFAULT mode.
2025-01-20 20:31:11.493 | Test worker          | INFO  | o.s.data.repository.config.RepositoryConfigurationDelegate              -       Finished Spring Data repository scanning in 147 ms. Found 2 JPA repository interfaces.
2025-01-20 20:31:13.351 | Test worker          | INFO  | org.hibernate.jpa.internal.util.LogHelper                               -       HHH000204: Processing PersistenceUnitInfo [name: default]
2025-01-20 20:31:13.517 | Test worker          | INFO  | org.hibernate.Version                                                   -       HHH000412: Hibernate ORM core version 6.6.4.Final
2025-01-20 20:31:13.608 | Test worker          | INFO  | org.hibernate.cache.internal.RegionFactoryInitiator                     -       HHH000026: Second-level cache disabled
2025-01-20 20:31:14.466 | Test worker          | INFO  | org.springframework.orm.jpa.persistenceunit.SpringPersistenceUnitInfo   -       No LoadTimeWeaver setup: ignoring JPA class transformer
2025-01-20 20:31:14.534 | Test worker          | INFO  | com.zaxxer.hikari.HikariDataSource                                      -       HikariPool-1 - Starting...
2025-01-20 20:31:15.074 | Test worker          | INFO  | com.zaxxer.hikari.pool.HikariPool                                       -       HikariPool-1 - Added connection org.postgresql.jdbc.PgConnection@65294247
2025-01-20 20:31:15.079 | Test worker          | INFO  | com.zaxxer.hikari.HikariDataSource                                      -       HikariPool-1 - Start completed.
2025-01-20 20:31:15.189 | Test worker          | WARN  | org.hibernate.orm.deprecation                                           -       HHH90000025: PostgreSQLDialect does not need to be specified explicitly using 'hibernate.dialect' (remove the property setting and it will be selected by default)
2025-01-20 20:31:15.284 | Test worker          | INFO  | org.hibernate.orm.connections.pooling                                   -       HHH10001005: Database info:
	Database JDBC URL [Connecting through datasource 'HikariDataSource (HikariPool-1)']
	Database driver: undefined/unknown
	Database version: 17.0
	Autocommit mode: undefined/unknown
	Isolation level: undefined/unknown
	Minimum pool size: undefined/unknown
	Maximum pool size: undefined/unknown
2025-01-20 20:31:17.771 | Test worker          | INFO  | o.h.engine.transaction.jta.platform.internal.JtaPlatformInitiator       -       HHH000489: No JTA platform available (set 'hibernate.transaction.jta.platform' to enable JTA platform integration)
2025-01-20 20:31:17.994 | Test worker          | INFO  | org.springframework.orm.jpa.LocalContainerEntityManagerFactoryBean      -       Initialized JPA EntityManagerFactory for persistence unit 'default'
2025-01-20 20:31:22.617 | Test worker          | INFO  | org.springframework.boot.actuate.endpoint.web.EndpointLinksResolver     -       Exposing 15 endpoints beneath base path '/actuator'
2025-01-20 20:31:22.818 | Test worker          | INFO  | o.example.projects_and_vacancies.ProjectsAndVacanciesApplicationTests   -       Started ProjectsAndVacanciesApplicationTests in 16.229 seconds (process running for 20.311)
2025-01-20 20:31:25.275 | Test worker          | INFO  | o.s.test.context.support.AnnotationConfigContextLoaderUtils             -       Could not detect default configuration classes for test class [org.example.projects_and_vacancies.controllers.ProjectControllerTest]: ProjectControllerTest does not declare any static, non-private, non-final, nested classes annotated with @Configuration.
2025-01-20 20:31:25.395 | Test worker          | INFO  | o.springframework.boot.test.context.SpringBootTestContextBootstrapper   -       Found @SpringBootConfiguration org.example.projects_and_vacancies.ProjectsAndVacanciesApplication for test class org.example.projects_and_vacancies.controllers.ProjectControllerTest
2025-01-20 20:31:25.463 | Test worker          | INFO  | org.example.projects_and_vacancies.controllers.ProjectControllerTest    -       Starting ProjectControllerTest using Java 17.0.9 with PID 29012 (started by Julia Vladimirov in C:\Java\Projects\ProjectsAndVacancies)
2025-01-20 20:31:25.464 | Test worker          | INFO  | org.example.projects_and_vacancies.controllers.ProjectControllerTest    -       No active profile set, falling back to 1 default profile: "default"
2025-01-20 20:31:27.002 | Test worker          | INFO  | org.springframework.boot.test.mock.web.SpringBootMockServletContext     -       Initializing Spring TestDispatcherServlet ''
2025-01-20 20:31:27.005 | Test worker          | INFO  | org.springframework.test.web.servlet.TestDispatcherServlet              -       Initializing Servlet ''
2025-01-20 20:31:27.016 | Test worker          | INFO  | org.springframework.test.web.servlet.TestDispatcherServlet              -       Completed initialization in 5 ms
2025-01-20 20:31:27.078 | Test worker          | INFO  | org.example.projects_and_vacancies.controllers.ProjectControllerTest    -       Started ProjectControllerTest in 1.665 seconds (process running for 24.572)
2025-01-20 20:31:30.161 | Test worker          | WARN  | o.s.d.w.c.SpringDataJacksonConfiguration$PageModule$WarningLoggingModifier  -       Serializing PageImpl instances as-is is not supported, meaning that there is no guarantee about the stability of the resulting JSON structure!
	For a stable JSON structure, please use Spring Data's PagedModel (globally via @EnableSpringDataWebSupport(pageSerializationMode = VIA_DTO))
	or Spring HATEOAS and Spring Data's PagedResourcesAssembler as documented in https://docs.spring.io/spring-data/commons/reference/repositories/core-extensions.html#core.web.pageables.

2025-01-20 20:31:30.493 | Test worker          | INFO  | o.s.test.context.support.AnnotationConfigContextLoaderUtils             -       Could not detect default configuration classes for test class [org.example.projects_and_vacancies.controllers.VacancyControllerTest]: VacancyControllerTest does not declare any static, non-private, non-final, nested classes annotated with @Configuration.
2025-01-20 20:31:30.538 | Test worker          | INFO  | o.springframework.boot.test.context.SpringBootTestContextBootstrapper   -       Found @SpringBootConfiguration org.example.projects_and_vacancies.ProjectsAndVacanciesApplication for test class org.example.projects_and_vacancies.controllers.VacancyControllerTest
2025-01-20 20:31:30.631 | Test worker          | INFO  | org.example.projects_and_vacancies.controllers.VacancyControllerTest    -       Starting VacancyControllerTest using Java 17.0.9 with PID 29012 (started by Julia Vladimirov in C:\Java\Projects\ProjectsAndVacancies)
2025-01-20 20:31:30.632 | Test worker          | INFO  | org.example.projects_and_vacancies.controllers.VacancyControllerTest    -       No active profile set, falling back to 1 default profile: "default"
2025-01-20 20:31:31.420 | Test worker          | INFO  | org.springframework.boot.test.mock.web.SpringBootMockServletContext     -       Initializing Spring TestDispatcherServlet ''
2025-01-20 20:31:31.421 | Test worker          | INFO  | org.springframework.test.web.servlet.TestDispatcherServlet              -       Initializing Servlet ''
2025-01-20 20:31:31.422 | Test worker          | INFO  | org.springframework.test.web.servlet.TestDispatcherServlet              -       Completed initialization in 1 ms
2025-01-20 20:31:31.437 | Test worker          | INFO  | org.example.projects_and_vacancies.controllers.VacancyControllerTest    -       Started VacancyControllerTest in 0.889 seconds (process running for 28.93)
2025-01-20 20:31:33.626 | SpringApplicationShutdownHook | INFO  | org.springframework.orm.jpa.LocalContainerEntityManagerFactoryBean      -       Closing JPA EntityManagerFactory for persistence unit 'default'
2025-01-20 20:31:33.631 | SpringApplicationShutdownHook | INFO  | com.zaxxer.hikari.HikariDataSource                                      -       HikariPool-1 - Shutdown initiated...
2025-01-20 20:31:33.664 | SpringApplicationShutdownHook | INFO  | com.zaxxer.hikari.HikariDataSource                                      -       HikariPool-1 - Shutdown completed.
2025-01-20T20:38:04.469+01:00  INFO 20816 --- [ProjectsAndVacancies] [main] o.e.p.ProjectsAndVacanciesApplicationKt  : Starting ProjectsAndVacanciesApplicationKt using Java 21.0.5 with PID 20816 (C:\Java\Projects\ProjectsAndVacancies\build\classes\kotlin\main started by Julia Vladimirov in C:\Java\Projects\ProjectsAndVacancies)
2025-01-20T20:38:04.474+01:00  INFO 20816 --- [ProjectsAndVacancies] [main] o.e.p.ProjectsAndVacanciesApplicationKt  : No active profile set, falling back to 1 default profile: "default"
2025-01-20T20:38:07.820+01:00  INFO 20816 --- [ProjectsAndVacancies] [main] .s.d.r.c.RepositoryConfigurationDelegate : Bootstrapping Spring Data JPA repositories in DEFAULT mode.
2025-01-20T20:38:07.923+01:00  INFO 20816 --- [ProjectsAndVacancies] [main] .s.d.r.c.RepositoryConfigurationDelegate : Finished Spring Data repository scanning in 87 ms. Found 2 JPA repository interfaces.
2025-01-20T20:38:09.491+01:00  INFO 20816 --- [ProjectsAndVacancies] [main] o.s.b.w.embedded.tomcat.TomcatWebServer  : Tomcat initialized with port 8080 (http)
2025-01-20T20:38:09.516+01:00  INFO 20816 --- [ProjectsAndVacancies] [main] o.apache.catalina.core.StandardService   : Starting service [Tomcat]
2025-01-20T20:38:09.516+01:00  INFO 20816 --- [ProjectsAndVacancies] [main] o.apache.catalina.core.StandardEngine    : Starting Servlet engine: [Apache Tomcat/10.1.34]
2025-01-20T20:38:09.640+01:00  INFO 20816 --- [ProjectsAndVacancies] [main] o.a.c.c.C.[Tomcat].[localhost].[/]       : Initializing Spring embedded WebApplicationContext
2025-01-20T20:38:09.640+01:00  INFO 20816 --- [ProjectsAndVacancies] [main] w.s.c.ServletWebServerApplicationContext : Root WebApplicationContext: initialization completed in 5052 ms
2025-01-20T20:38:10.176+01:00  INFO 20816 --- [ProjectsAndVacancies] [main] o.hibernate.jpa.internal.util.LogHelper  : HHH000204: Processing PersistenceUnitInfo [name: default]
2025-01-20T20:38:10.316+01:00  INFO 20816 --- [ProjectsAndVacancies] [main] org.hibernate.Version                    : HHH000412: Hibernate ORM core version 6.6.4.Final
2025-01-20T20:38:10.415+01:00  INFO 20816 --- [ProjectsAndVacancies] [main] o.h.c.internal.RegionFactoryInitiator    : HHH000026: Second-level cache disabled
2025-01-20T20:38:11.079+01:00  INFO 20816 --- [ProjectsAndVacancies] [main] o.s.o.j.p.SpringPersistenceUnitInfo      : No LoadTimeWeaver setup: ignoring JPA class transformer
2025-01-20T20:38:11.154+01:00  INFO 20816 --- [ProjectsAndVacancies] [main] com.zaxxer.hikari.HikariDataSource       : HikariPool-1 - Starting...
2025-01-20T20:38:11.521+01:00  INFO 20816 --- [ProjectsAndVacancies] [main] com.zaxxer.hikari.pool.HikariPool        : HikariPool-1 - Added connection org.postgresql.jdbc.PgConnection@49353d43
2025-01-20T20:38:11.524+01:00  INFO 20816 --- [ProjectsAndVacancies] [main] com.zaxxer.hikari.HikariDataSource       : HikariPool-1 - Start completed.
2025-01-20T20:38:11.608+01:00  WARN 20816 --- [ProjectsAndVacancies] [main] org.hibernate.orm.deprecation            : HHH90000025: PostgreSQLDialect does not need to be specified explicitly using 'hibernate.dialect' (remove the property setting and it will be selected by default)
2025-01-20T20:38:11.662+01:00  INFO 20816 --- [ProjectsAndVacancies] [main] org.hibernate.orm.connections.pooling    : HHH10001005: Database info:
	Database JDBC URL [Connecting through datasource 'HikariDataSource (HikariPool-1)']
	Database driver: undefined/unknown
	Database version: 17.0
	Autocommit mode: undefined/unknown
	Isolation level: undefined/unknown
	Minimum pool size: undefined/unknown
	Maximum pool size: undefined/unknown
2025-01-20T20:38:14.010+01:00  INFO 20816 --- [ProjectsAndVacancies] [main] o.h.e.t.j.p.i.JtaPlatformInitiator       : HHH000489: No JTA platform available (set 'hibernate.transaction.jta.platform' to enable JTA platform integration)
2025-01-20T20:38:14.181+01:00  INFO 20816 --- [ProjectsAndVacancies] [main] j.LocalContainerEntityManagerFactoryBean : Initialized JPA EntityManagerFactory for persistence unit 'default'
2025-01-20T20:38:17.183+01:00  INFO 20816 --- [ProjectsAndVacancies] [main] o.s.b.a.e.web.EndpointLinksResolver      : Exposing 15 endpoints beneath base path '/actuator'
2025-01-20T20:38:17.425+01:00  INFO 20816 --- [ProjectsAndVacancies] [main] o.s.b.w.embedded.tomcat.TomcatWebServer  : Tomcat started on port 8080 (http) with context path '/'
2025-01-20T20:38:17.454+01:00  INFO 20816 --- [ProjectsAndVacancies] [main] o.e.p.ProjectsAndVacanciesApplicationKt  : Started ProjectsAndVacanciesApplicationKt in 13.94 seconds (process running for 15.444)
2025-01-20T20:38:18.664+01:00  INFO 20816 --- [ProjectsAndVacancies] [RMI TCP Connection(3)-172.24.48.1] o.a.c.c.C.[Tomcat].[localhost].[/]       : Initializing Spring DispatcherServlet 'dispatcherServlet'
2025-01-20T20:38:18.665+01:00  INFO 20816 --- [ProjectsAndVacancies] [RMI TCP Connection(3)-172.24.48.1] o.s.web.servlet.DispatcherServlet        : Initializing Servlet 'dispatcherServlet'
2025-01-20T20:38:18.672+01:00  INFO 20816 --- [ProjectsAndVacancies] [RMI TCP Connection(3)-172.24.48.1] o.s.web.servlet.DispatcherServlet        : Completed initialization in 5 ms
2025-01-20T21:21:44.337+01:00  INFO 20816 --- [ProjectsAndVacancies] [SpringApplicationShutdownHook] o.s.b.w.e.tomcat.GracefulShutdown        : Commencing graceful shutdown. Waiting for active requests to complete
2025-01-20T21:21:44.393+01:00  INFO 20816 --- [ProjectsAndVacancies] [tomcat-shutdown] o.s.b.w.e.tomcat.GracefulShutdown        : Graceful shutdown complete
2025-01-20T21:21:44.505+01:00  INFO 20816 --- [ProjectsAndVacancies] [SpringApplicationShutdownHook] j.LocalContainerEntityManagerFactoryBean : Closing JPA EntityManagerFactory for persistence unit 'default'
2025-01-20T21:21:44.583+01:00  INFO 20816 --- [ProjectsAndVacancies] [SpringApplicationShutdownHook] com.zaxxer.hikari.HikariDataSource       : HikariPool-1 - Shutdown initiated...
2025-01-20T21:21:44.622+01:00  INFO 20816 --- [ProjectsAndVacancies] [SpringApplicationShutdownHook] com.zaxxer.hikari.HikariDataSource       : HikariPool-1 - Shutdown completed.
